build/app/outputs/mapping/release/mapping.txt
# compiler: R8
# compiler_version: 3.3.70
# min_api: 24
# common_typos_disable
# {"id":"com.android.tools.r8.mapping","version":"2.0"}
# pg_map_id: 4f10b34
# pg_map_hash: SHA-256 4f10b34dfc69cf3c53f12db53da4e22ed44f5da11d9adde3b6d0b1ec33a658a4
...
androidx.core.app.ActivityCompat -> androidx.core.app.b:
    androidx.core.app.ActivityCompat$PermissionCompatDelegate sDelegate -> a
    void $r8$lambda$gwIVdSe1wJYEvrkKzQghxQatlNg(android.app.Activity) -> a
      # {"id":"com.android.tools.r8.synthesized"}
    void finishAffinity(android.app.Activity) -> b
    androidx.core.app.ActivityCompat$PermissionCompatDelegate getPermissionCompatDelegate() -> c
    void lambda$recreate$0(android.app.Activity) -> d
    void recreate(android.app.Activity) -> e
    void requestPermissions(android.app.Activity,java.lang.String[],int) -> f
    void startActivityForResult(android.app.Activity,android.content.Intent,int,android.os.Bundle) -> g
    void startIntentSenderForResult(android.app.Activity,android.content.IntentSender,int,android.content.Intent,int,int,int,android.os.Bundle) -> h
androidx.core.app.ActivityCompat$$ExternalSyntheticLambda0 -> androidx.core.app.a:
# {"id":"sourceFile","fileName":"R8$$SyntheticClass"}
# {"id":"com.android.tools.r8.synthesized"}
    android.app.Activity androidx.core.app.ActivityCompat$$InternalSyntheticLambda$1$6e9d625f7499cc02f53fe1dade3df85b3b9ea91cb0138464c0ece30ad7359ed5$0.f$0 -> a
    void androidx.core.app.ActivityCompat$$InternalSyntheticLambda$1$6e9d625f7499cc02f53fe1dade3df85b3b9ea91cb0138464c0ece30ad7359ed5$0.<init>(android.app.Activity) -> <init>
      # {"id":"com.android.tools.r8.synthesized"}
    void androidx.core.app.ActivityCompat$$InternalSyntheticLambda$1$6e9d625f7499cc02f53fe1dade3df85b3b9ea91cb0138464c0ece30ad7359ed5$0.run() -> run
      # {"id":"com.android.tools.r8.synthesized"}
androidx.core.app.ActivityCompat$Api16Impl -> androidx.core.app.b$a:
    void finishAffinity(android.app.Activity) -> a
    void startActivityForResult(android.app.Activity,android.content.Intent,int,android.os.Bundle) -> b
    void startIntentSenderForResult(android.app.Activity,android.content.IntentSender,int,android.content.Intent,int,int,int,android.os.Bundle) -> c
androidx.core.app.ActivityCompat$Api23Impl -> androidx.core.app.b$b:
    void onSharedElementsReady(java.lang.Object) -> a
    void requestPermissions(android.app.Activity,java.lang.String[],int) -> b
    boolean shouldShowRequestPermissionRationale(android.app.Activity,java.lang.String) -> c
androidx.core.app.ActivityCompat$PermissionCompatDelegate -> androidx.core.app.b$c:
    boolean onActivityResult(android.app.Activity,int,int,android.content.Intent) -> a
    boolean requestPermissions(android.app.Activity,java.lang.String[],int) -> b
androidx.core.app.ActivityCompat$RequestPermissionsRequestCodeValidator -> androidx.core.app.b$d:
    void validateRequestPermissionsRequestCode(int) -> b
androidx.core.app.ActivityRecreator -> androidx.core.app.c:
    android.os.Handler mainHandler -> g
    java.lang.reflect.Method performStopActivity3ParamsMethod -> d
    java.lang.reflect.Field mainThreadField -> b
    java.lang.reflect.Method performStopActivity2ParamsMethod -> e
    java.lang.reflect.Field tokenField -> c
    java.lang.reflect.Method requestRelaunchActivityMethod -> f
    java.lang.Class activityThreadClass -> a
    java.lang.Class getActivityThreadClass() -> a
    java.lang.reflect.Field getMainThreadField() -> b
    java.lang.reflect.Method getPerformStopActivity2Params(java.lang.Class) -> c
    java.lang.reflect.Method getPerformStopActivity3Params(java.lang.Class) -> d
    java.lang.reflect.Method getRequestRelaunchActivityMethod(java.lang.Class) -> e
    java.lang.reflect.Field getTokenField() -> f
    boolean needsRelaunchCall() -> g
    boolean queueOnStopIfNecessary(java.lang.Object,int,android.app.Activity) -> h
    boolean recreate(android.app.Activity) -> i
androidx.core.app.ActivityRecreator$1 -> androidx.core.app.c$a:
    java.lang.Object val$token -> b
    androidx.core.app.ActivityRecreator$LifecycleCheckCallbacks val$callbacks -> a